0 info it worked if it ends with ok
1 verbose cli [ 'C:\\Program Files\\nodejs\\node.exe',
1 verbose cli   'C:\\Users\\ales\\AppData\\Roaming\\npm\\node_modules\\npm\\bin\\npm-cli.js',
1 verbose cli   'start' ]
2 info using npm@3.10.7
3 info using node@v8.4.0
4 verbose run-script [ 'prestart', 'start', 'poststart' ]
5 info lifecycle homecortex@0.1.0~prestart: homecortex@0.1.0
6 silly lifecycle homecortex@0.1.0~prestart: no script for prestart, continuing
7 info lifecycle homecortex@0.1.0~start: homecortex@0.1.0
8 verbose lifecycle homecortex@0.1.0~start: unsafe-perm in lifecycle true
9 verbose lifecycle homecortex@0.1.0~start: PATH: C:\Users\ales\AppData\Roaming\npm\node_modules\npm\bin\node-gyp-bin;C:\Users\ales\OneDrive\Code\homecortex\node_modules\.bin;C:\Python27\;C:\Python27\Scripts;C:\WINDOWS\system32;C:\WINDOWS;C:\WINDOWS\System32\Wbem;C:\WINDOWS\System32\WindowsPowerShell\v1.0\;C:\Program Files\Git\cmd;C:\WINDOWS\system32\config\systemprofile\.dnx\bin;C:\Program Files\Microsoft DNX\Dnvm\;C:\Program Files\Microsoft SQL Server\130\Tools\Binn\;C:\Program Files (x86)\Windows Kits\10\Windows Performance Toolkit\;C:\Program Files\nodejs\;C:\Users\ales\AppData\Local\Microsoft\WindowsApps;;C:\Program Files (x86)\Microsoft VS Code\bin;C:\Users\ales\AppData\Roaming\npm
10 verbose lifecycle homecortex@0.1.0~start: CWD: C:\Users\ales\OneDrive\Code\homecortex
11 silly lifecycle homecortex@0.1.0~start: Args: [ '/d /s /c', 'node server' ]
12 silly lifecycle homecortex@0.1.0~start: Returned: code: 1  signal: null
13 info lifecycle homecortex@0.1.0~start: Failed to exec start script
14 verbose stack Error: homecortex@0.1.0 start: `node server`
14 verbose stack Exit status 1
14 verbose stack     at EventEmitter.<anonymous> (C:\Users\ales\AppData\Roaming\npm\node_modules\npm\lib\utils\lifecycle.js:255:16)
14 verbose stack     at emitTwo (events.js:125:13)
14 verbose stack     at EventEmitter.emit (events.js:213:7)
14 verbose stack     at ChildProcess.<anonymous> (C:\Users\ales\AppData\Roaming\npm\node_modules\npm\lib\utils\spawn.js:40:14)
14 verbose stack     at emitTwo (events.js:125:13)
14 verbose stack     at ChildProcess.emit (events.js:213:7)
14 verbose stack     at maybeClose (internal/child_process.js:927:16)
14 verbose stack     at Process.ChildProcess._handle.onexit (internal/child_process.js:211:5)
15 verbose pkgid homecortex@0.1.0
16 verbose cwd C:\Users\ales\OneDrive\Code\homecortex
17 error Windows_NT 10.0.15063
18 error argv "C:\\Program Files\\nodejs\\node.exe" "C:\\Users\\ales\\AppData\\Roaming\\npm\\node_modules\\npm\\bin\\npm-cli.js" "start"
19 error node v8.4.0
20 error npm  v3.10.7
21 error code ELIFECYCLE
22 error homecortex@0.1.0 start: `node server`
22 error Exit status 1
23 error Failed at the homecortex@0.1.0 start script 'node server'.
23 error Make sure you have the latest version of node.js and npm installed.
23 error If you do, this is most likely a problem with the homecortex package,
23 error not with npm itself.
23 error Tell the author that this fails on your system:
23 error     node server
23 error You can get information on how to open an issue for this project with:
23 error     npm bugs homecortex
23 error Or if that isn't available, you can get their info via:
23 error     npm owner ls homecortex
23 error There is likely additional logging output above.
24 verbose exit [ 1, true ]
